Build started 4/22/2014 7:05:03 AM.
     1>Project "C:\Users\Sharky\Documents\Visual Studio 2013\Projects\nyan_cat_game\nyan_cat_game\nyan_cat_game.vcxproj" on node 2 (Build target(s)).
     1>ClCompile:
         C:\Program Files (x86)\Microsoft Visual Studio 12.0\VC\bin\CL.exe /c /Zi /nologo /W3 /WX- /sdl /O2 /Oi /Oy- /GL /D WIN32 /D NDEBUG /D _WINDOWS /D _UNICODE /D UNICODE /Gm- /EHsc /MD /GS /Gy /fp:precise /Zc:wchar_t /Zc:forScope /Fo"Release\\" /Fd"Release\vc120.pdb" /Gd /TP /analyze- /errorReport:prompt background.cpp ErrorLogger.cpp mydrawengine.cpp mypicture.cpp mysound.cpp obstacol.cpp playerNyan.cpp wincode.cpp
         background.cpp
     1>background.cpp(9): error C2039: 'LoadBitmapA' : is not a member of 'MyPicture'
                 c:\users\sharky\documents\visual studio 2013\projects\nyan_cat_game\nyan_cat_game\mypicture.h(32) : see declaration of 'MyPicture'
     1>background.cpp(28): warning C4244: '=' : conversion from 'double' to 'LONG', possible loss of data
     1>background.cpp(29): warning C4244: '=' : conversion from 'double' to 'LONG', possible loss of data
         ErrorLogger.cpp
     1>ErrorLogger.cpp(34): error C2664: 'void OutputDebugStringW(LPCWSTR)' : cannot convert argument 1 from 'const char []' to 'LPCWSTR'
                 Types pointed to are unrelated; conversion requires reinterpret_cast, C-style cast or function-style cast
         mydrawengine.cpp
     1>mydrawengine.cpp(228): error C2664: 'BOOL TextOutW(HDC,int,int,LPCWSTR,int)' : cannot convert argument 4 from 'char []' to 'LPCWSTR'
                 Types pointed to are unrelated; conversion requires reinterpret_cast, C-style cast or function-style cast
         mypicture.cpp
     1>mypicture.cpp(111): error C2664: 'HANDLE LoadImageW(HINSTANCE,LPCWSTR,UINT,int,int,UINT)' : cannot convert argument 2 from 'char *' to 'LPCWSTR'
                 Types pointed to are unrelated; conversion requires reinterpret_cast, C-style cast or function-style cast
         mysound.cpp
     1>mysound.cpp(66): error C2664: 'HMMIO mmioOpenW(LPWSTR,LPMMIOINFO,DWORD)' : cannot convert argument 1 from 'char *' to 'LPWSTR'
                 Types pointed to are unrelated; conversion requires reinterpret_cast, C-style cast or function-style cast
         obstacol.cpp
     1>obstacol.cpp(13): error C2039: 'LoadBitmapA' : is not a member of 'MyPicture'
                 c:\users\sharky\documents\visual studio 2013\projects\nyan_cat_game\nyan_cat_game\mypicture.h(32) : see declaration of 'MyPicture'
     1>obstacol.cpp(16): error C2039: 'LoadBitmapA' : is not a member of 'MyPicture'
                 c:\users\sharky\documents\visual studio 2013\projects\nyan_cat_game\nyan_cat_game\mypicture.h(32) : see declaration of 'MyPicture'
     1>obstacol.cpp(19): error C2039: 'LoadBitmapA' : is not a member of 'MyPicture'
                 c:\users\sharky\documents\visual studio 2013\projects\nyan_cat_game\nyan_cat_game\mypicture.h(32) : see declaration of 'MyPicture'
     1>obstacol.cpp(23): error C2039: 'LoadBitmapA' : is not a member of 'MyPicture'
                 c:\users\sharky\documents\visual studio 2013\projects\nyan_cat_game\nyan_cat_game\mypicture.h(32) : see declaration of 'MyPicture'
     1>obstacol.cpp(43): warning C4244: '=' : conversion from 'double' to 'LONG', possible loss of data
     1>obstacol.cpp(44): warning C4244: '=' : conversion from 'double' to 'LONG', possible loss of data
         playerNyan.cpp
     1>playerNyan.cpp(9): error C2039: 'LoadBitmapA' : is not a member of 'MyPicture'
                 c:\users\sharky\documents\visual studio 2013\projects\nyan_cat_game\nyan_cat_game\mypicture.h(32) : see declaration of 'MyPicture'
     1>playerNyan.cpp(20): error C3867: 'playerNyan::alive': function call missing argument list; use '&playerNyan::alive' to create a pointer to member
     1>playerNyan.cpp(54): error C3867: 'playerNyan::alive': function call missing argument list; use '&playerNyan::alive' to create a pointer to member
     1>playerNyan.cpp(57): warning C4244: '=' : conversion from 'double' to 'LONG', possible loss of data
     1>playerNyan.cpp(58): warning C4244: '=' : conversion from 'double' to 'LONG', possible loss of data
     1>playerNyan.cpp(59): warning C4244: '=' : conversion from 'double' to 'LONG', possible loss of data
     1>playerNyan.cpp(60): warning C4244: '=' : conversion from 'double' to 'LONG', possible loss of data
         wincode.cpp
     1>wincode.cpp(232): error C2440: '=' : cannot convert from 'const char [10]' to 'LPCWSTR'
                 Types pointed to are unrelated; conversion requires reinterpret_cast, C-style cast or function-style cast
     1>wincode.cpp(268): error C2664: 'HWND CreateWindowExW(DWORD,LPCWSTR,LPCWSTR,DWORD,int,int,int,int,HWND,HMENU,HINSTANCE,LPVOID)' : cannot convert argument 2 from 'const char [10]' to 'LPCWSTR'
                 Types pointed to are unrelated; conversion requires reinterpret_cast, C-style cast or function-style cast
     1>wincode.cpp(301): error C2664: 'BOOL UnregisterClassW(LPCWSTR,HINSTANCE)' : cannot convert argument 1 from 'const char [10]' to 'LPCWSTR'
                 Types pointed to are unrelated; conversion requires reinterpret_cast, C-style cast or function-style cast
     1>Done Building Project "C:\Users\Sharky\Documents\Visual Studio 2013\Projects\nyan_cat_game\nyan_cat_game\nyan_cat_game.vcxproj" (Build target(s)) -- FAILED.

Build FAILED.

Time Elapsed 00:00:04.96
